<?xml version="1.0" encoding="UTF-8"?>
<!-- Generated by org.testng.reporters.JUnitXMLReporter -->
<testsuite hostname="bhajandevi" ignored="0" name="Default test" tests="4" failures="0" timestamp="10 Nov 2020 12:24:05 GMT" time="1.487" errors="0">
  <testcase name="test1" time="0.502" classname="com.lti.day11.GroupingExample"/>
  <testcase name="test2" time="0.024" classname="com.lti.day11.GroupingExample"/>
  <testcase name="test3" time="0.036" classname="com.lti.day11.GroupingExample"/>
  <testcase name="test4" time="0.014" classname="com.lti.day11.GroupingExample"/>
</testsuite> <!-- Default test -->
