<?xml version="1.0" encoding="UTF-8"?>
<!-- Generated by org.testng.reporters.JUnitXMLReporter -->
<testsuite hostname="bhajandevi" ignored="3" name="Test" tests="1" failures="0" timestamp="10 Nov 2020 12:41:19 GMT" time="1.402" errors="0">
  <testcase name="test1" time="0.549" classname="com.lti.day11.GroupingExample"/>
  <testcase name="test2" time="0.0" classname="com.lti.day11.GroupingExample">
    <ignored/>
  </testcase> <!-- test2 -->
  <testcase name="test3" time="0.0" classname="com.lti.day11.GroupingExample">
    <ignored/>
  </testcase> <!-- test3 -->
  <testcase name="test4" time="0.0" classname="com.lti.day11.GroupingExample">
    <ignored/>
  </testcase> <!-- test4 -->
</testsuite> <!-- Test -->
