<?xml version="1.0" encoding="UTF-8"?>
<testng-results skipped="0" failed="0" ignored="0" total="3" passed="3">
  <reporter-output>
  </reporter-output>
  <suite name="Suite" duration-ms="46479" started-at="2020-11-04T12:57:16 IST" finished-at="2020-11-04T12:58:03 IST">
    <groups>
    </groups>
    <test name="ScreenShotTest" duration-ms="16435" started-at="2020-11-04T12:57:16 IST" finished-at="2020-11-04T12:57:33 IST">
      <class name="day6.ColorTest">
        <test-method status="PASS" signature="beforeTest()[pri:0, instance:day6.ColorTest@3b084709]" name="beforeTest" is-config="true" duration-ms="10725" started-at="2020-11-04T12:57:16 IST" finished-at="2020-11-04T12:57:27 IST">
          <reporter-output>
          </reporter-output>
        </test-method> <!-- beforeTest -->
        <test-method status="PASS" signature="colorCheck()[pri:0, instance:day6.ColorTest@3b084709]" name="colorCheck" duration-ms="3934" started-at="2020-11-04T12:57:27 IST" description="Checking color of find flight button" finished-at="2020-11-04T12:57:31 IST">
          <reporter-output>
          </reporter-output>
        </test-method> <!-- colorCheck -->
        <test-method status="PASS" signature="afterTest()[pri:0, instance:day6.ColorTest@3b084709]" name="afterTest" is-config="true" duration-ms="1539" started-at="2020-11-04T12:57:31 IST" finished-at="2020-11-04T12:57:33 IST">
          <reporter-output>
          </reporter-output>
        </test-method> <!-- afterTest -->
      </class> <!-- day6.ColorTest -->
    </test> <!-- ScreenShotTest -->
    <test name="FirstTest" duration-ms="29953" started-at="2020-11-04T12:57:33 IST" finished-at="2020-11-04T12:58:03 IST">
      <class name="day5.FirstNG">
        <test-method status="PASS" signature="beforeTest()[pri:0, instance:day5.FirstNG@3b088d51]" name="beforeTest" is-config="true" duration-ms="17233" started-at="2020-11-04T12:57:33 IST" finished-at="2020-11-04T12:57:50 IST">
          <reporter-output>
          </reporter-output>
        </test-method> <!-- beforeTest -->
        <test-method status="PASS" signature="bingTest()[pri:1, instance:day5.FirstNG@3b088d51]" name="bingTest" duration-ms="1384" started-at="2020-11-04T12:57:50 IST" description="Verifying title of Bing.com" finished-at="2020-11-04T12:57:51 IST">
          <reporter-output>
          </reporter-output>
        </test-method> <!-- bingTest -->
        <test-method status="PASS" signature="appleSearchTest()[pri:2, instance:day5.FirstNG@3b088d51]" name="appleSearchTest" duration-ms="2748" started-at="2020-11-04T12:57:51 IST" description="Verifying search on Bing.com" depends-on-methods="day5.FirstNG.bingTest" finished-at="2020-11-04T12:57:54 IST">
          <reporter-output>
          </reporter-output>
        </test-method> <!-- appleSearchTest -->
        <test-method status="PASS" signature="afterTest()[pri:0, instance:day5.FirstNG@3b088d51]" name="afterTest" is-config="true" duration-ms="8555" started-at="2020-11-04T12:57:54 IST" finished-at="2020-11-04T12:58:03 IST">
          <reporter-output>
          </reporter-output>
        </test-method> <!-- afterTest -->
      </class> <!-- day5.FirstNG -->
    </test> <!-- FirstTest -->
  </suite> <!-- Suite -->
</testng-results>
