<?xml version="1.0" encoding="UTF-8"?>
<testng-results skipped="0" failed="0" ignored="0" total="1" passed="1">
  <reporter-output>
  </reporter-output>
  <suite name="Default suite" duration-ms="22012" started-at="2020-11-09T10:52:07 IST" finished-at="2020-11-09T10:52:29 IST">
    <groups>
    </groups>
    <test name="Default test" duration-ms="22012" started-at="2020-11-09T10:52:07 IST" finished-at="2020-11-09T10:52:29 IST">
      <class name="day10.PropertyExample">
        <test-method status="PASS" signature="beforeTest()[pri:0, instance:day10.PropertyExample@61dd025]" name="beforeTest" is-config="true" duration-ms="11336" started-at="2020-11-09T10:52:07 IST" finished-at="2020-11-09T10:52:18 IST">
          <reporter-output>
          </reporter-output>
        </test-method> <!-- beforeTest -->
        <test-method status="PASS" signature="f()[pri:0, instance:day10.PropertyExample@61dd025]" name="f" duration-ms="6298" started-at="2020-11-09T10:52:18 IST" finished-at="2020-11-09T10:52:24 IST">
          <reporter-output>
          </reporter-output>
        </test-method> <!-- f -->
        <test-method status="PASS" signature="afterTest()[pri:0, instance:day10.PropertyExample@61dd025]" name="afterTest" is-config="true" duration-ms="4199" started-at="2020-11-09T10:52:24 IST" finished-at="2020-11-09T10:52:29 IST">
          <reporter-output>
          </reporter-output>
        </test-method> <!-- afterTest -->
      </class> <!-- day10.PropertyExample -->
    </test> <!-- Default test -->
  </suite> <!-- Default suite -->
</testng-results>
