<?xml version="1.0" encoding="UTF-8"?>
<!-- Generated by org.testng.reporters.JUnitXMLReporter -->
<testsuite hostname="bhajandevi" ignored="0" name="Test" tests="4" failures="2" timestamp="2020-11-05T11:23:03 IST" time="39.469" errors="0">
  <testcase name="loginTest" time="4.575" classname="day7.ParaMetrization">
    <failure type="java.lang.AssertionError" message="Login faield due to invalid credentials expected [Main Menu] but found []">
      <![CDATA[java.lang.AssertionError: Login faield due to invalid credentials expected [Main Menu] but found []
at day7.ParaMetrization.loginTest(ParaMetrization.java:21)
at java.util.ArrayList.forEach(ArrayList.java:1257)
... Removed 32 stack frames]]>
    </failure>
  </testcase> <!-- loginTest -->
  <testcase name="loginTest" time="9.14" classname="day7.ParaMetrization"/>
  <testcase name="loginTest" time="2.89" classname="day7.ParaMetrization">
    <failure type="java.lang.AssertionError" message="Login faield due to invalid credentials expected [Main Menu] but found []">
      <![CDATA[java.lang.AssertionError: Login faield due to invalid credentials expected [Main Menu] but found []
at day7.ParaMetrization.loginTest(ParaMetrization.java:21)
at java.util.ArrayList.forEach(ArrayList.java:1257)
... Removed 32 stack frames]]>
    </failure>
  </testcase> <!-- loginTest -->
  <testcase name="loginTest" time="5.326" classname="day7.ParaMetrization"/>
</testsuite> <!-- Test -->
